2024-10-05 16:00:02 - INFO - Starting evaluation script
2024-10-05 16:00:02 - INFO - JSON file updated successfully!
2024-10-05 16:00:02 - INFO - -------------------------------
2024-10-05 17:00:03 - INFO - Starting evaluation script
2024-10-05 17:00:03 - INFO - JSON file updated successfully!
2024-10-05 17:00:03 - INFO - -------------------------------
2024-10-05 18:00:02 - INFO - Starting evaluation script
2024-10-05 18:00:02 - INFO - JSON file updated successfully!
2024-10-05 18:00:02 - INFO - -------------------------------
2024-10-05 19:00:02 - INFO - Starting evaluation script
2024-10-05 19:00:02 - INFO - JSON file updated successfully!
2024-10-05 19:00:02 - INFO - -------------------------------
2024-10-05 20:00:02 - INFO - Starting evaluation script
2024-10-05 20:00:03 - INFO - JSON file updated successfully!
2024-10-05 20:00:03 - INFO - -------------------------------
2024-10-05 21:00:02 - INFO - Starting evaluation script
2024-10-05 21:00:02 - INFO - JSON file updated successfully!
2024-10-05 21:00:02 - INFO - -------------------------------
2024-10-05 22:00:03 - INFO - Starting evaluation script
2024-10-05 22:00:03 - INFO - JSON file updated successfully!
2024-10-05 22:00:03 - INFO - -------------------------------
2024-10-05 23:00:02 - INFO - Starting evaluation script
2024-10-05 23:00:02 - INFO - JSON file updated successfully!
2024-10-05 23:00:02 - INFO - -------------------------------
2024-10-06 00:00:02 - INFO - Starting evaluation script
2024-10-06 00:00:02 - INFO - JSON file updated successfully!
2024-10-06 00:00:02 - INFO - -------------------------------
2024-10-06 01:00:03 - INFO - Starting evaluation script
2024-10-06 01:00:03 - INFO - JSON file updated successfully!
2024-10-06 01:00:03 - INFO - -------------------------------
2024-10-06 02:00:02 - INFO - Starting evaluation script
2024-10-06 02:00:02 - INFO - JSON file updated successfully!
2024-10-06 02:00:02 - INFO - -------------------------------
2024-10-06 03:00:02 - INFO - Starting evaluation script
2024-10-06 03:00:02 - INFO - JSON file updated successfully!
2024-10-06 03:00:02 - INFO - -------------------------------
2024-10-06 04:00:02 - INFO - Starting evaluation script
2024-10-06 04:00:02 - INFO - JSON file updated successfully!
2024-10-06 04:00:02 - INFO - -------------------------------
2024-10-06 05:00:02 - INFO - Starting evaluation script
2024-10-06 05:00:02 - INFO - JSON file updated successfully!
2024-10-06 05:00:02 - INFO - -------------------------------
2024-10-06 06:00:03 - INFO - Starting evaluation script
2024-10-06 06:00:03 - INFO - JSON file updated successfully!
2024-10-06 06:00:03 - INFO - -------------------------------
2024-10-06 07:00:02 - INFO - Starting evaluation script
2024-10-06 07:00:02 - INFO - JSON file updated successfully!
2024-10-06 07:00:02 - INFO - -------------------------------
2024-10-06 08:00:02 - INFO - Starting evaluation script
2024-10-06 08:00:02 - INFO - JSON file updated successfully!
2024-10-06 08:00:02 - INFO - -------------------------------
2024-10-06 09:00:02 - INFO - Starting evaluation script
2024-10-06 09:00:03 - INFO - JSON file updated successfully!
2024-10-06 09:00:03 - INFO - -------------------------------
2024-10-06 10:00:02 - INFO - Starting evaluation script
2024-10-06 10:00:02 - INFO - JSON file updated successfully!
2024-10-06 10:00:02 - INFO - -------------------------------
2024-10-06 11:00:03 - INFO - Starting evaluation script
2024-10-06 11:00:03 - INFO - JSON file updated successfully!
2024-10-06 11:00:03 - INFO - -------------------------------
2024-10-06 12:00:02 - INFO - Starting evaluation script
2024-10-06 12:00:02 - INFO - JSON file updated successfully!
2024-10-06 12:00:02 - INFO - -------------------------------
2024-10-06 13:00:02 - INFO - Starting evaluation script
2024-10-06 13:00:02 - INFO - JSON file updated successfully!
2024-10-06 13:00:02 - INFO - -------------------------------
2024-10-06 14:00:03 - INFO - Starting evaluation script
2024-10-06 14:00:03 - INFO - JSON file updated successfully!
2024-10-06 14:00:03 - INFO - -------------------------------
2024-10-06 15:00:02 - INFO - Starting evaluation script
2024-10-06 15:00:02 - INFO - JSON file updated successfully!
2024-10-06 15:00:02 - INFO - -------------------------------
2024-10-06 16:00:02 - INFO - Starting evaluation script
2024-10-06 16:00:02 - INFO - JSON file updated successfully!
2024-10-06 16:00:02 - INFO - -------------------------------
2024-10-06 17:00:02 - INFO - Starting evaluation script
2024-10-06 17:00:02 - INFO - JSON file updated successfully!
2024-10-06 17:00:02 - INFO - -------------------------------
2024-10-06 18:00:02 - INFO - Starting evaluation script
2024-10-06 18:00:02 - INFO - JSON file updated successfully!
2024-10-06 18:00:02 - INFO - -------------------------------
2024-10-06 19:00:03 - INFO - Starting evaluation script
2024-10-06 19:00:03 - INFO - JSON file updated successfully!
2024-10-06 19:00:03 - INFO - -------------------------------
2024-10-06 20:00:02 - INFO - Starting evaluation script
2024-10-06 20:00:02 - INFO - JSON file updated successfully!
2024-10-06 20:00:02 - INFO - -------------------------------
2024-10-06 21:00:02 - INFO - Starting evaluation script
2024-10-06 21:00:02 - INFO - JSON file updated successfully!
2024-10-06 21:00:02 - INFO - -------------------------------
2024-10-06 22:00:02 - INFO - Starting evaluation script
2024-10-06 22:00:02 - INFO - JSON file updated successfully!
2024-10-06 22:00:02 - INFO - -------------------------------
2024-10-06 23:00:02 - INFO - Starting evaluation script
2024-10-06 23:00:02 - INFO - JSON file updated successfully!
2024-10-06 23:00:02 - INFO - -------------------------------
2024-10-07 00:00:03 - INFO - Starting evaluation script
2024-10-07 00:00:03 - INFO - JSON file updated successfully!
2024-10-07 00:00:03 - INFO - -------------------------------
2024-10-07 01:00:02 - INFO - Starting evaluation script
2024-10-07 01:00:03 - INFO - JSON file updated successfully!
2024-10-07 01:00:03 - INFO - -------------------------------
2024-10-07 02:00:02 - INFO - Starting evaluation script
2024-10-07 02:00:02 - INFO - JSON file updated successfully!
2024-10-07 02:00:02 - INFO - -------------------------------
2024-10-07 03:00:03 - INFO - Starting evaluation script
2024-10-07 03:00:03 - INFO - JSON file updated successfully!
2024-10-07 03:00:03 - INFO - -------------------------------
2024-10-07 04:00:02 - INFO - Starting evaluation script
2024-10-07 04:00:02 - INFO - JSON file updated successfully!
2024-10-07 04:00:02 - INFO - -------------------------------
2024-10-07 05:00:02 - INFO - Starting evaluation script
2024-10-07 05:00:02 - INFO - JSON file updated successfully!
2024-10-07 05:00:02 - INFO - -------------------------------
2024-10-07 06:00:02 - INFO - Starting evaluation script
2024-10-07 06:00:03 - INFO - JSON file updated successfully!
2024-10-07 06:00:03 - INFO - -------------------------------
2024-10-07 07:00:02 - INFO - Starting evaluation script
2024-10-07 07:00:02 - INFO - JSON file updated successfully!
2024-10-07 07:00:02 - INFO - -------------------------------
2024-10-07 08:00:03 - INFO - Starting evaluation script
2024-10-07 08:00:03 - INFO - JSON file updated successfully!
2024-10-07 08:00:03 - INFO - -------------------------------
2024-10-07 09:00:02 - INFO - Starting evaluation script
2024-10-07 09:00:02 - INFO - JSON file updated successfully!
2024-10-07 09:00:02 - INFO - -------------------------------
2024-10-07 10:00:02 - INFO - Starting evaluation script
2024-10-07 10:00:02 - INFO - JSON file updated successfully!
2024-10-07 10:00:02 - INFO - -------------------------------
2024-10-07 11:00:03 - INFO - Starting evaluation script
2024-10-07 11:00:03 - INFO - JSON file updated successfully!
2024-10-07 11:00:03 - INFO - -------------------------------
2024-10-07 12:00:02 - INFO - Starting evaluation script
2024-10-07 12:00:02 - INFO - JSON file updated successfully!
2024-10-07 12:00:02 - INFO - -------------------------------
2024-10-07 12:00:02 - WARNING - Uploads directory does not exist.
2024-10-07 12:00:02 - INFO - Evaluation did not proceed. Skipping subsequent functions.
2024-10-07 12:00:02 - INFO - -----------------------------------------------------------
2024-10-07 13:00:02 - INFO - Starting evaluation script
2024-10-07 13:00:02 - INFO - JSON file updated successfully!
2024-10-07 13:00:02 - INFO - -------------------------------
2024-10-07 13:00:02 - WARNING - Uploads directory does not exist.
2024-10-07 13:00:02 - INFO - Evaluation did not proceed. Skipping subsequent functions.
2024-10-07 13:00:02 - INFO - -----------------------------------------------------------
2024-10-07 14:00:02 - INFO - Starting evaluation script
2024-10-07 14:00:02 - INFO - JSON file updated successfully!
2024-10-07 14:00:02 - INFO - -------------------------------
2024-10-07 14:00:02 - WARNING - Uploads directory does not exist.
2024-10-07 14:00:02 - INFO - Evaluation did not proceed. Skipping subsequent functions.
2024-10-07 14:00:02 - INFO - -----------------------------------------------------------
2024-10-07 15:00:02 - INFO - Starting evaluation script
2024-10-07 15:00:02 - INFO - JSON file updated successfully!
2024-10-07 15:00:02 - INFO - -------------------------------
2024-10-07 15:00:02 - WARNING - Uploads directory does not exist.
2024-10-07 15:00:02 - INFO - Evaluation did not proceed. Skipping subsequent functions.
2024-10-07 15:00:02 - INFO - -----------------------------------------------------------
2024-10-07 16:00:03 - INFO - Starting evaluation script
2024-10-07 16:00:03 - INFO - JSON file updated successfully!
2024-10-07 16:00:03 - INFO - -------------------------------
2024-10-07 16:00:03 - WARNING - Uploads directory does not exist.
2024-10-07 16:00:03 - INFO - Evaluation did not proceed. Skipping subsequent functions.
2024-10-07 16:00:03 - INFO - -----------------------------------------------------------
2024-10-07 17:00:02 - INFO - Starting evaluation script
2024-10-07 17:00:02 - INFO - JSON file updated successfully!
2024-10-07 17:00:02 - INFO - -------------------------------
2024-10-07 17:00:02 - WARNING - Uploads directory does not exist.
2024-10-07 17:00:02 - INFO - Evaluation did not proceed. Skipping subsequent functions.
2024-10-07 17:00:02 - INFO - -----------------------------------------------------------
2024-10-07 18:00:02 - INFO - Starting evaluation script
2024-10-07 18:00:02 - INFO - JSON file updated successfully!
2024-10-07 18:00:02 - INFO - -------------------------------
2024-10-07 18:00:02 - WARNING - Uploads directory does not exist.
2024-10-07 18:00:02 - INFO - Evaluation did not proceed. Skipping subsequent functions.
2024-10-07 18:00:02 - INFO - -----------------------------------------------------------
2024-10-07 19:00:03 - INFO - Starting evaluation script
2024-10-07 19:00:03 - INFO - JSON file updated successfully!
2024-10-07 19:00:03 - INFO - -------------------------------
2024-10-07 19:00:03 - WARNING - Uploads directory does not exist.
2024-10-07 19:00:03 - INFO - Evaluation did not proceed. Skipping subsequent functions.
2024-10-07 19:00:03 - INFO - -----------------------------------------------------------
2024-10-07 20:00:02 - INFO - Starting evaluation script
2024-10-07 20:00:02 - INFO - JSON file updated successfully!
2024-10-07 20:00:02 - INFO - -------------------------------
2024-10-07 20:00:02 - WARNING - Uploads directory does not exist.
2024-10-07 20:00:02 - INFO - Evaluation did not proceed. Skipping subsequent functions.
2024-10-07 20:00:02 - INFO - -----------------------------------------------------------
2024-10-07 21:00:02 - INFO - Starting evaluation script
2024-10-07 21:00:02 - INFO - JSON file updated successfully!
2024-10-07 21:00:02 - INFO - -------------------------------
2024-10-07 21:00:02 - WARNING - Uploads directory does not exist.
2024-10-07 21:00:02 - INFO - Evaluation did not proceed. Skipping subsequent functions.
2024-10-07 21:00:02 - INFO - -----------------------------------------------------------
2024-10-07 22:00:03 - INFO - Starting evaluation script
2024-10-07 22:00:03 - INFO - JSON file updated successfully!
2024-10-07 22:00:03 - INFO - -------------------------------
2024-10-07 22:00:03 - WARNING - Uploads directory does not exist.
2024-10-07 22:00:03 - INFO - Evaluation did not proceed. Skipping subsequent functions.
2024-10-07 22:00:03 - INFO - -----------------------------------------------------------
2024-10-07 23:00:02 - INFO - Starting evaluation script
2024-10-07 23:00:02 - INFO - JSON file updated successfully!
2024-10-07 23:00:02 - INFO - -------------------------------
2024-10-07 23:00:02 - WARNING - Uploads directory does not exist.
2024-10-07 23:00:02 - INFO - Evaluation did not proceed. Skipping subsequent functions.
2024-10-07 23:00:02 - INFO - -----------------------------------------------------------
2024-10-08 00:00:02 - INFO - Starting evaluation script
2024-10-08 00:00:02 - INFO - JSON file updated successfully!
2024-10-08 00:00:02 - INFO - -------------------------------
2024-10-08 00:00:02 - WARNING - Uploads directory does not exist.
2024-10-08 00:00:02 - INFO - Evaluation did not proceed. Skipping subsequent functions.
2024-10-08 00:00:02 - INFO - -----------------------------------------------------------
2024-10-08 01:00:02 - INFO - Starting evaluation script
2024-10-08 01:00:02 - INFO - JSON file updated successfully!
2024-10-08 01:00:02 - INFO - -------------------------------
2024-10-08 01:00:02 - WARNING - Uploads directory does not exist.
2024-10-08 01:00:02 - INFO - Evaluation did not proceed. Skipping subsequent functions.
2024-10-08 01:00:02 - INFO - -----------------------------------------------------------
2024-10-08 02:00:02 - INFO - Starting evaluation script
2024-10-08 02:00:02 - INFO - JSON file updated successfully!
2024-10-08 02:00:02 - INFO - -------------------------------
2024-10-08 02:00:02 - WARNING - Uploads directory does not exist.
2024-10-08 02:00:02 - INFO - Evaluation did not proceed. Skipping subsequent functions.
2024-10-08 02:00:02 - INFO - -----------------------------------------------------------
2024-10-08 03:00:03 - INFO - Starting evaluation script
2024-10-08 03:00:03 - INFO - JSON file updated successfully!
2024-10-08 03:00:03 - INFO - -------------------------------
2024-10-08 03:00:03 - WARNING - Uploads directory does not exist.
2024-10-08 03:00:03 - INFO - Evaluation did not proceed. Skipping subsequent functions.
2024-10-08 03:00:03 - INFO - -----------------------------------------------------------
2024-10-08 04:00:02 - INFO - Starting evaluation script
2024-10-08 04:00:02 - INFO - JSON file updated successfully!
2024-10-08 04:00:02 - INFO - -------------------------------
2024-10-08 04:00:02 - WARNING - Uploads directory does not exist.
2024-10-08 04:00:02 - INFO - Evaluation did not proceed. Skipping subsequent functions.
2024-10-08 04:00:02 - INFO - -----------------------------------------------------------
2024-10-08 05:00:02 - INFO - Starting evaluation script
2024-10-08 05:00:02 - INFO - JSON file updated successfully!
2024-10-08 05:00:02 - INFO - -------------------------------
2024-10-08 05:00:02 - WARNING - Uploads directory does not exist.
2024-10-08 05:00:02 - INFO - Evaluation did not proceed. Skipping subsequent functions.
2024-10-08 05:00:02 - INFO - -----------------------------------------------------------
2024-10-08 06:00:02 - INFO - Starting evaluation script
2024-10-08 06:00:02 - INFO - JSON file updated successfully!
2024-10-08 06:00:02 - INFO - -------------------------------
2024-10-08 06:00:02 - WARNING - Uploads directory does not exist.
2024-10-08 06:00:02 - INFO - Evaluation did not proceed. Skipping subsequent functions.
2024-10-08 06:00:02 - INFO - -----------------------------------------------------------
2024-10-08 07:00:02 - INFO - Starting evaluation script
2024-10-08 07:00:02 - INFO - JSON file updated successfully!
2024-10-08 07:00:02 - INFO - -------------------------------
2024-10-08 07:00:02 - WARNING - Uploads directory does not exist.
2024-10-08 07:00:02 - INFO - Evaluation did not proceed. Skipping subsequent functions.
2024-10-08 07:00:02 - INFO - -----------------------------------------------------------
2024-10-08 08:00:03 - INFO - Starting evaluation script
2024-10-08 08:00:03 - INFO - JSON file updated successfully!
2024-10-08 08:00:03 - INFO - -------------------------------
2024-10-08 08:00:03 - WARNING - Uploads directory does not exist.
2024-10-08 08:00:03 - INFO - Evaluation did not proceed. Skipping subsequent functions.
2024-10-08 08:00:03 - INFO - -----------------------------------------------------------
2024-10-08 09:00:02 - INFO - Starting evaluation script
2024-10-08 09:00:02 - INFO - JSON file updated successfully!
2024-10-08 09:00:02 - INFO - -------------------------------
2024-10-08 09:00:02 - WARNING - Uploads directory does not exist.
2024-10-08 09:00:02 - INFO - Evaluation did not proceed. Skipping subsequent functions.
2024-10-08 09:00:02 - INFO - -----------------------------------------------------------
2024-10-08 10:00:02 - INFO - Starting evaluation script
2024-10-08 10:00:02 - INFO - JSON file updated successfully!
2024-10-08 10:00:02 - INFO - -------------------------------
2024-10-08 10:00:02 - WARNING - Uploads directory does not exist.
2024-10-08 10:00:02 - INFO - Evaluation did not proceed. Skipping subsequent functions.
2024-10-08 10:00:02 - INFO - -----------------------------------------------------------
2024-10-08 11:00:02 - INFO - Starting evaluation script
2024-10-08 11:00:03 - INFO - JSON file updated successfully!
2024-10-08 11:00:03 - INFO - -------------------------------
2024-10-08 11:00:03 - WARNING - Uploads directory does not exist.
2024-10-08 11:00:03 - INFO - Evaluation did not proceed. Skipping subsequent functions.
2024-10-08 11:00:03 - INFO - -----------------------------------------------------------
2024-10-08 11:49:56 - INFO - Starting evaluation script
2024-10-08 11:49:56 - INFO - Finished reading: production-server_access.log.5.gz
2024-10-08 11:49:56 - INFO - Finished reading: production-server_access.log.6.gz
2024-10-08 11:49:56 - INFO - Finished reading: production-server_access.log.4.gz
2024-10-08 11:49:56 - INFO - Finished reading: production-server_access.log
2024-10-08 11:49:56 - INFO - Finished reading: production-server_access.log.1
2024-10-08 11:49:56 - INFO - Finished reading: production-server_access.log.2.gz
2024-10-08 11:49:56 - INFO - Finished reading: production-server_access.log.3.gz
2024-10-08 11:49:56 - INFO - JSON file updated successfully!
2024-10-08 11:49:56 - INFO - -------------------------------
2024-10-08 11:49:56 - INFO - Uploads directory is empty. Skipping evaluation.
2024-10-08 11:49:56 - INFO - Evaluation did not proceed. Skipping subsequent functions.
2024-10-08 11:49:56 - INFO - -----------------------------------------------------------
2024-10-08 12:00:02 - INFO - Starting evaluation script
2024-10-08 12:00:02 - INFO - Finished reading: production-server_access.log.5.gz
2024-10-08 12:00:02 - INFO - Finished reading: production-server_access.log.6.gz
2024-10-08 12:00:02 - INFO - Finished reading: production-server_access.log.4.gz
2024-10-08 12:00:02 - INFO - Finished reading: production-server_access.log
2024-10-08 12:00:02 - INFO - Finished reading: production-server_access.log.1
2024-10-08 12:00:02 - INFO - Finished reading: production-server_access.log.2.gz
2024-10-08 12:00:02 - INFO - Finished reading: production-server_access.log.3.gz
2024-10-08 12:11:39 - INFO - Starting evaluation script
2024-10-08 12:11:39 - INFO - Finished reading: production-server_access.log.5.gz
2024-10-08 12:11:39 - INFO - Finished reading: production-server_access.log.6.gz
2024-10-08 12:11:39 - INFO - Finished reading: production-server_access.log.4.gz
2024-10-08 12:11:39 - INFO - Finished reading: production-server_access.log
2024-10-08 12:11:39 - INFO - Finished reading: production-server_access.log.1
2024-10-08 12:11:39 - INFO - Finished reading: production-server_access.log.2.gz
2024-10-08 12:11:39 - INFO - Finished reading: production-server_access.log.3.gz
2024-10-08 12:12:36 - INFO - Starting evaluation script
2024-10-08 12:12:36 - INFO - Finished reading: production-server_access.log.5.gz
2024-10-08 12:12:36 - INFO - Finished reading: production-server_access.log.6.gz
2024-10-08 12:12:36 - INFO - Finished reading: production-server_access.log.4.gz
2024-10-08 12:12:36 - INFO - Finished reading: production-server_access.log
2024-10-08 12:12:36 - INFO - Finished reading: production-server_access.log.1
2024-10-08 12:12:36 - INFO - Finished reading: production-server_access.log.2.gz
2024-10-08 12:12:36 - INFO - Finished reading: production-server_access.log.3.gz
2024-10-08 12:12:36 - INFO - JSON file updated successfully!
2024-10-08 12:12:36 - INFO - -------------------------------
2024-10-08 12:12:36 - INFO - Uploads directory is empty. Skipping evaluation.
2024-10-08 12:12:36 - INFO - Evaluation did not proceed. Skipping subsequent functions.
2024-10-08 12:12:36 - INFO - -----------------------------------------------------------
2024-10-08 12:16:03 - INFO - Starting evaluation script
2024-10-08 12:16:03 - INFO - Finished reading: production-server_access.log.5.gz
2024-10-08 12:16:03 - INFO - Finished reading: production-server_access.log.6.gz
2024-10-08 12:16:03 - INFO - Finished reading: production-server_access.log.4.gz
2024-10-08 12:16:03 - INFO - Finished reading: production-server_access.log
2024-10-08 12:16:03 - INFO - Finished reading: production-server_access.log.1
2024-10-08 12:16:03 - INFO - Finished reading: production-server_access.log.2.gz
2024-10-08 12:16:03 - INFO - Finished reading: production-server_access.log.3.gz
2024-10-08 12:16:03 - INFO - JSON file updated successfully!
2024-10-08 12:16:03 - INFO - -------------------------------
2024-10-08 12:16:03 - INFO - Uploads directory is empty. Skipping evaluation.
2024-10-08 12:16:03 - INFO - Evaluation did not proceed. Skipping subsequent functions.
2024-10-08 12:16:03 - INFO - -----------------------------------------------------------
2024-10-08 13:00:03 - INFO - Starting evaluation script
2024-10-08 13:00:03 - INFO - Finished reading: production-server_access.log.5.gz
2024-10-08 13:00:03 - INFO - Finished reading: production-server_access.log.6.gz
2024-10-08 13:00:03 - INFO - Finished reading: production-server_access.log.4.gz
2024-10-08 13:00:03 - INFO - Finished reading: production-server_access.log
2024-10-08 13:00:03 - INFO - Finished reading: production-server_access.log.1
2024-10-08 13:00:03 - INFO - Finished reading: production-server_access.log.2.gz
2024-10-08 13:00:03 - INFO - Finished reading: production-server_access.log.3.gz
2024-10-08 13:00:03 - INFO - JSON file updated successfully!
2024-10-08 13:00:03 - INFO - -------------------------------
2024-10-08 13:00:03 - WARNING - Uploads directory does not exist.
2024-10-08 14:00:02 - INFO - Starting evaluation script
2024-10-08 14:00:02 - INFO - Finished reading: production-server_access.log.5.gz
2024-10-08 14:00:02 - INFO - Finished reading: production-server_access.log.6.gz
2024-10-08 14:00:02 - INFO - Finished reading: production-server_access.log.4.gz
2024-10-08 14:00:02 - INFO - Finished reading: production-server_access.log
2024-10-08 14:00:02 - INFO - Finished reading: production-server_access.log.1
2024-10-08 14:00:02 - INFO - Finished reading: production-server_access.log.2.gz
2024-10-08 14:00:02 - INFO - Finished reading: production-server_access.log.3.gz
2024-10-08 14:00:02 - INFO - JSON file updated successfully!
2024-10-08 14:00:02 - INFO - -------------------------------
2024-10-08 14:00:02 - WARNING - Uploads directory does not exist.
2024-10-08 15:00:02 - INFO - Starting evaluation script
2024-10-08 15:00:02 - INFO - Finished reading: production-server_access.log.5.gz
2024-10-08 15:00:02 - INFO - Finished reading: production-server_access.log.6.gz
2024-10-08 15:00:02 - INFO - Finished reading: production-server_access.log.4.gz
2024-10-08 15:00:02 - INFO - Finished reading: production-server_access.log
2024-10-08 15:00:02 - INFO - Finished reading: production-server_access.log.1
2024-10-08 15:00:02 - INFO - Finished reading: production-server_access.log.2.gz
2024-10-08 15:00:02 - INFO - Finished reading: production-server_access.log.3.gz
2024-10-08 15:00:02 - INFO - JSON file updated successfully!
2024-10-08 15:00:02 - INFO - -------------------------------
2024-10-08 15:00:02 - WARNING - Uploads directory does not exist.
2024-10-08 16:00:03 - INFO - Starting evaluation script
2024-10-08 16:00:03 - INFO - Finished reading: production-server_access.log.5.gz
2024-10-08 16:00:03 - INFO - Finished reading: production-server_access.log.6.gz
2024-10-08 16:00:03 - INFO - Finished reading: production-server_access.log.4.gz
2024-10-08 16:00:03 - INFO - Finished reading: production-server_access.log
2024-10-08 16:00:03 - INFO - Finished reading: production-server_access.log.1
2024-10-08 16:00:03 - INFO - Finished reading: production-server_access.log.2.gz
2024-10-08 16:00:03 - INFO - Finished reading: production-server_access.log.3.gz
2024-10-08 16:00:03 - INFO - JSON file updated successfully!
2024-10-08 16:00:03 - INFO - -------------------------------
2024-10-08 16:00:03 - WARNING - Uploads directory does not exist.
2024-10-08 17:00:02 - INFO - Starting evaluation script
2024-10-08 17:00:02 - INFO - Finished reading: production-server_access.log.5.gz
2024-10-08 17:00:02 - INFO - Finished reading: production-server_access.log.6.gz
2024-10-08 17:00:02 - INFO - Finished reading: production-server_access.log.4.gz
2024-10-08 17:00:02 - INFO - Finished reading: production-server_access.log
2024-10-08 17:00:02 - INFO - Finished reading: production-server_access.log.1
2024-10-08 17:00:02 - INFO - Finished reading: production-server_access.log.2.gz
2024-10-08 17:00:02 - INFO - Finished reading: production-server_access.log.3.gz
2024-10-08 17:00:02 - INFO - JSON file updated successfully!
2024-10-08 17:00:02 - INFO - -------------------------------
2024-10-08 17:00:02 - WARNING - Uploads directory does not exist.
2024-10-08 18:00:02 - INFO - Starting evaluation script
2024-10-08 18:00:02 - INFO - Finished reading: production-server_access.log.5.gz
2024-10-08 18:00:02 - INFO - Finished reading: production-server_access.log.6.gz
2024-10-08 18:00:02 - INFO - Finished reading: production-server_access.log.4.gz
2024-10-08 18:00:02 - INFO - Finished reading: production-server_access.log
2024-10-08 18:00:02 - INFO - Finished reading: production-server_access.log.1
2024-10-08 18:00:02 - INFO - Finished reading: production-server_access.log.2.gz
2024-10-08 18:00:02 - INFO - Finished reading: production-server_access.log.3.gz
2024-10-08 18:00:02 - INFO - JSON file updated successfully!
2024-10-08 18:00:02 - INFO - -------------------------------
2024-10-08 18:00:02 - WARNING - Uploads directory does not exist.
2024-10-08 19:00:02 - INFO - Starting evaluation script
2024-10-08 19:00:02 - INFO - Finished reading: production-server_access.log.5.gz
2024-10-08 19:00:02 - INFO - Finished reading: production-server_access.log.6.gz
2024-10-08 19:00:02 - INFO - Finished reading: production-server_access.log.4.gz
2024-10-08 19:00:02 - INFO - Finished reading: production-server_access.log
2024-10-08 19:00:02 - INFO - Finished reading: production-server_access.log.1
2024-10-08 19:00:02 - INFO - Finished reading: production-server_access.log.2.gz
2024-10-08 19:00:02 - INFO - Finished reading: production-server_access.log.3.gz
2024-10-08 19:00:02 - INFO - JSON file updated successfully!
2024-10-08 19:00:02 - INFO - -------------------------------
2024-10-08 19:00:02 - WARNING - Uploads directory does not exist.
2024-10-08 20:00:02 - INFO - Starting evaluation script
2024-10-08 20:00:02 - INFO - Finished reading: production-server_access.log.5.gz
2024-10-08 20:00:02 - INFO - Finished reading: production-server_access.log.6.gz
2024-10-08 20:00:02 - INFO - Finished reading: production-server_access.log.4.gz
2024-10-08 20:00:02 - INFO - Finished reading: production-server_access.log
2024-10-08 20:00:02 - INFO - Finished reading: production-server_access.log.1
2024-10-08 20:00:02 - INFO - Finished reading: production-server_access.log.2.gz
2024-10-08 20:00:02 - INFO - Finished reading: production-server_access.log.3.gz
2024-10-08 20:00:02 - INFO - JSON file updated successfully!
2024-10-08 20:00:02 - INFO - -------------------------------
2024-10-08 20:00:02 - WARNING - Uploads directory does not exist.
2024-10-08 21:00:03 - INFO - Starting evaluation script
2024-10-08 21:00:03 - INFO - Finished reading: production-server_access.log.5.gz
2024-10-08 21:00:03 - INFO - Finished reading: production-server_access.log.6.gz
2024-10-08 21:00:03 - INFO - Finished reading: production-server_access.log.4.gz
2024-10-08 21:00:03 - INFO - Finished reading: production-server_access.log
2024-10-08 21:00:03 - INFO - Finished reading: production-server_access.log.1
2024-10-08 21:00:03 - INFO - Finished reading: production-server_access.log.2.gz
2024-10-08 21:00:03 - INFO - Finished reading: production-server_access.log.3.gz
2024-10-08 21:00:03 - INFO - JSON file updated successfully!
2024-10-08 21:00:03 - INFO - -------------------------------
2024-10-08 21:00:03 - WARNING - Uploads directory does not exist.
2024-10-08 22:00:02 - INFO - Starting evaluation script
2024-10-08 22:00:02 - INFO - Finished reading: production-server_access.log.5.gz
2024-10-08 22:00:02 - INFO - Finished reading: production-server_access.log.6.gz
2024-10-08 22:00:02 - INFO - Finished reading: production-server_access.log.4.gz
2024-10-08 22:00:02 - INFO - Finished reading: production-server_access.log
2024-10-08 22:00:02 - INFO - Finished reading: production-server_access.log.1
2024-10-08 22:00:02 - INFO - Finished reading: production-server_access.log.2.gz
2024-10-08 22:00:02 - INFO - Finished reading: production-server_access.log.3.gz
2024-10-08 22:00:02 - INFO - JSON file updated successfully!
2024-10-08 22:00:02 - INFO - -------------------------------
2024-10-08 22:00:02 - WARNING - Uploads directory does not exist.
2024-10-08 23:00:02 - INFO - Starting evaluation script
2024-10-08 23:00:02 - INFO - Finished reading: production-server_access.log.5.gz
2024-10-08 23:00:02 - INFO - Finished reading: production-server_access.log.6.gz
2024-10-08 23:00:02 - INFO - Finished reading: production-server_access.log.4.gz
2024-10-08 23:00:02 - INFO - Finished reading: production-server_access.log
2024-10-08 23:00:02 - INFO - Finished reading: production-server_access.log.1
2024-10-08 23:00:02 - INFO - Finished reading: production-server_access.log.2.gz
2024-10-08 23:00:02 - INFO - Finished reading: production-server_access.log.3.gz
2024-10-08 23:00:02 - INFO - JSON file updated successfully!
2024-10-08 23:00:02 - INFO - -------------------------------
2024-10-08 23:00:02 - WARNING - Uploads directory does not exist.
2024-10-09 00:00:03 - INFO - Starting evaluation script
2024-10-09 00:00:03 - INFO - Finished reading: production-server_access.log.5.gz
2024-10-09 00:00:03 - INFO - Finished reading: production-server_access.log.6.gz
2024-10-09 00:00:03 - INFO - Finished reading: production-server_access.log.4.gz
2024-10-09 00:00:03 - INFO - Finished reading: production-server_access.log
2024-10-09 00:00:03 - INFO - Finished reading: production-server_access.log.1
2024-10-09 00:00:03 - INFO - Finished reading: production-server_access.log.2.gz
2024-10-09 00:00:03 - INFO - Finished reading: production-server_access.log.3.gz
2024-10-09 00:00:03 - INFO - Finished reading: production-server_access.log.7.gz
2024-10-09 00:00:03 - INFO - JSON file updated successfully!
2024-10-09 00:00:03 - INFO - -------------------------------
2024-10-09 00:00:03 - WARNING - Uploads directory does not exist.
2024-10-09 01:00:02 - INFO - Starting evaluation script
2024-10-09 01:00:02 - INFO - Finished reading: production-server_access.log.5.gz
2024-10-09 01:00:02 - INFO - Finished reading: production-server_access.log.6.gz
2024-10-09 01:00:02 - INFO - Finished reading: production-server_access.log.4.gz
2024-10-09 01:00:02 - INFO - Finished reading: production-server_access.log
2024-10-09 01:00:02 - INFO - Finished reading: production-server_access.log.1
2024-10-09 01:00:02 - INFO - Finished reading: production-server_access.log.2.gz
2024-10-09 01:00:02 - INFO - Finished reading: production-server_access.log.3.gz
2024-10-09 01:00:02 - INFO - Finished reading: production-server_access.log.7.gz
2024-10-09 01:00:02 - INFO - JSON file updated successfully!
2024-10-09 01:00:02 - INFO - -------------------------------
2024-10-09 01:00:02 - WARNING - Uploads directory does not exist.
2024-10-09 02:00:02 - INFO - Starting evaluation script
2024-10-09 02:00:02 - INFO - Finished reading: production-server_access.log.5.gz
2024-10-09 02:00:02 - INFO - Finished reading: production-server_access.log.6.gz
2024-10-09 02:00:02 - INFO - Finished reading: production-server_access.log.4.gz
2024-10-09 02:00:02 - INFO - Finished reading: production-server_access.log
2024-10-09 02:00:02 - INFO - Finished reading: production-server_access.log.1
2024-10-09 02:00:02 - INFO - Finished reading: production-server_access.log.2.gz
2024-10-09 02:00:02 - INFO - Finished reading: production-server_access.log.3.gz
2024-10-09 02:00:02 - INFO - Finished reading: production-server_access.log.7.gz
2024-10-09 02:00:02 - INFO - JSON file updated successfully!
2024-10-09 02:00:02 - INFO - -------------------------------
2024-10-09 02:00:02 - WARNING - Uploads directory does not exist.
2024-10-09 03:00:02 - INFO - Starting evaluation script
2024-10-09 03:00:02 - INFO - Finished reading: production-server_access.log.5.gz
2024-10-09 03:00:02 - INFO - Finished reading: production-server_access.log.6.gz
2024-10-09 03:00:02 - INFO - Finished reading: production-server_access.log.4.gz
2024-10-09 03:00:02 - INFO - Finished reading: production-server_access.log
2024-10-09 03:00:02 - INFO - Finished reading: production-server_access.log.1
2024-10-09 03:00:02 - INFO - Finished reading: production-server_access.log.2.gz
2024-10-09 03:00:02 - INFO - Finished reading: production-server_access.log.3.gz
2024-10-09 03:00:02 - INFO - Finished reading: production-server_access.log.7.gz
2024-10-09 03:00:02 - INFO - JSON file updated successfully!
2024-10-09 03:00:02 - INFO - -------------------------------
2024-10-09 03:00:02 - WARNING - Uploads directory does not exist.
2024-10-09 04:00:02 - INFO - Starting evaluation script
2024-10-09 04:00:02 - INFO - Finished reading: production-server_access.log.5.gz
2024-10-09 04:00:02 - INFO - Finished reading: production-server_access.log.6.gz
2024-10-09 04:00:02 - INFO - Finished reading: production-server_access.log.4.gz
2024-10-09 04:00:02 - INFO - Finished reading: production-server_access.log
2024-10-09 04:00:02 - INFO - Finished reading: production-server_access.log.1
2024-10-09 04:00:02 - INFO - Finished reading: production-server_access.log.2.gz
2024-10-09 04:00:02 - INFO - Finished reading: production-server_access.log.3.gz
2024-10-09 04:00:02 - INFO - Finished reading: production-server_access.log.7.gz
2024-10-09 04:00:02 - INFO - JSON file updated successfully!
2024-10-09 04:00:02 - INFO - -------------------------------
2024-10-09 04:00:02 - WARNING - Uploads directory does not exist.
2024-10-09 05:00:03 - INFO - Starting evaluation script
2024-10-09 05:00:03 - INFO - Finished reading: production-server_access.log.5.gz
2024-10-09 05:00:03 - INFO - Finished reading: production-server_access.log.6.gz
2024-10-09 05:00:03 - INFO - Finished reading: production-server_access.log.4.gz
2024-10-09 05:00:03 - INFO - Finished reading: production-server_access.log
2024-10-09 05:00:03 - INFO - Finished reading: production-server_access.log.1
2024-10-09 05:00:03 - INFO - Finished reading: production-server_access.log.2.gz
2024-10-09 05:00:03 - INFO - Finished reading: production-server_access.log.3.gz
2024-10-09 05:00:03 - INFO - Finished reading: production-server_access.log.7.gz
2024-10-09 05:00:03 - INFO - JSON file updated successfully!
2024-10-09 05:00:03 - INFO - -------------------------------
2024-10-09 05:00:03 - WARNING - Uploads directory does not exist.
2024-10-09 06:00:02 - INFO - Starting evaluation script
2024-10-09 06:00:02 - INFO - Finished reading: production-server_access.log.5.gz
2024-10-09 06:00:02 - INFO - Finished reading: production-server_access.log.6.gz
2024-10-09 06:00:02 - INFO - Finished reading: production-server_access.log.4.gz
2024-10-09 06:00:02 - INFO - Finished reading: production-server_access.log
2024-10-09 06:00:02 - INFO - Finished reading: production-server_access.log.1
2024-10-09 06:00:02 - INFO - Finished reading: production-server_access.log.2.gz
2024-10-09 06:00:02 - INFO - Finished reading: production-server_access.log.3.gz
2024-10-09 06:00:02 - INFO - Finished reading: production-server_access.log.7.gz
2024-10-09 06:00:02 - INFO - JSON file updated successfully!
2024-10-09 06:00:02 - INFO - -------------------------------
2024-10-09 06:00:02 - WARNING - Uploads directory does not exist.
2024-10-09 07:00:02 - INFO - Starting evaluation script
2024-10-09 07:00:02 - INFO - Finished reading: production-server_access.log.5.gz
2024-10-09 07:00:02 - INFO - Finished reading: production-server_access.log.6.gz
2024-10-09 07:00:02 - INFO - Finished reading: production-server_access.log.4.gz
2024-10-09 07:00:02 - INFO - Finished reading: production-server_access.log
2024-10-09 07:00:02 - INFO - Finished reading: production-server_access.log.1
2024-10-09 07:00:02 - INFO - Finished reading: production-server_access.log.2.gz
2024-10-09 07:00:02 - INFO - Finished reading: production-server_access.log.3.gz
2024-10-09 07:00:02 - INFO - Finished reading: production-server_access.log.7.gz
2024-10-09 07:00:02 - INFO - JSON file updated successfully!
2024-10-09 07:00:02 - INFO - -------------------------------
2024-10-09 07:00:02 - WARNING - Uploads directory does not exist.
2024-10-09 08:00:02 - INFO - Starting evaluation script
2024-10-09 08:00:02 - INFO - Finished reading: production-server_access.log.5.gz
2024-10-09 08:00:02 - INFO - Finished reading: production-server_access.log.6.gz
2024-10-09 08:00:02 - INFO - Finished reading: production-server_access.log.4.gz
2024-10-09 08:00:02 - INFO - Finished reading: production-server_access.log
2024-10-09 08:00:02 - INFO - Finished reading: production-server_access.log.1
2024-10-09 08:00:02 - INFO - Finished reading: production-server_access.log.2.gz
2024-10-09 08:00:02 - INFO - Finished reading: production-server_access.log.3.gz
2024-10-09 08:00:02 - INFO - Finished reading: production-server_access.log.7.gz
2024-10-09 08:00:03 - INFO - JSON file updated successfully!
2024-10-09 08:00:03 - INFO - -------------------------------
2024-10-09 08:00:03 - WARNING - Uploads directory does not exist.
2024-10-09 09:00:02 - INFO - Starting evaluation script
2024-10-09 09:00:02 - INFO - Finished reading: production-server_access.log.5.gz
2024-10-09 09:00:02 - INFO - Finished reading: production-server_access.log.6.gz
2024-10-09 09:00:02 - INFO - Finished reading: production-server_access.log.4.gz
2024-10-09 09:00:02 - INFO - Finished reading: production-server_access.log
2024-10-09 09:00:02 - INFO - Finished reading: production-server_access.log.1
2024-10-09 09:00:02 - INFO - Finished reading: production-server_access.log.2.gz
2024-10-09 09:00:02 - INFO - Finished reading: production-server_access.log.3.gz
2024-10-09 09:00:02 - INFO - Finished reading: production-server_access.log.7.gz
2024-10-09 09:00:02 - INFO - JSON file updated successfully!
2024-10-09 09:00:02 - INFO - -------------------------------
2024-10-09 09:00:02 - WARNING - Uploads directory does not exist.
2024-10-09 10:00:03 - INFO - Starting evaluation script
2024-10-09 10:00:03 - INFO - Finished reading: production-server_access.log.5.gz
2024-10-09 10:00:03 - INFO - Finished reading: production-server_access.log.6.gz
2024-10-09 10:00:03 - INFO - Finished reading: production-server_access.log.4.gz
2024-10-09 10:00:03 - INFO - Finished reading: production-server_access.log
2024-10-09 10:00:03 - INFO - Finished reading: production-server_access.log.1
2024-10-09 10:00:03 - INFO - Finished reading: production-server_access.log.2.gz
2024-10-09 10:00:03 - INFO - Finished reading: production-server_access.log.3.gz
2024-10-09 10:00:03 - INFO - Finished reading: production-server_access.log.7.gz
2024-10-09 10:00:03 - INFO - JSON file updated successfully!
2024-10-09 10:00:03 - INFO - -------------------------------
2024-10-09 10:00:03 - WARNING - Uploads directory does not exist.
2024-10-09 11:00:02 - INFO - Starting evaluation script
2024-10-09 11:00:02 - INFO - Finished reading: production-server_access.log.5.gz
2024-10-09 11:00:02 - INFO - Finished reading: production-server_access.log.6.gz
2024-10-09 11:00:02 - INFO - Finished reading: production-server_access.log.4.gz
2024-10-09 11:00:02 - INFO - Finished reading: production-server_access.log
2024-10-09 11:00:02 - INFO - Finished reading: production-server_access.log.1
2024-10-09 11:00:02 - INFO - Finished reading: production-server_access.log.2.gz
2024-10-09 11:00:02 - INFO - Finished reading: production-server_access.log.3.gz
2024-10-09 11:00:02 - INFO - Finished reading: production-server_access.log.7.gz
2024-10-09 11:00:02 - INFO - JSON file updated successfully!
2024-10-09 11:00:02 - INFO - -------------------------------
2024-10-09 11:00:02 - WARNING - Uploads directory does not exist.
2024-10-09 12:00:02 - INFO - Starting evaluation script
2024-10-09 12:00:02 - INFO - Finished reading: production-server_access.log.5.gz
2024-10-09 12:00:02 - INFO - Finished reading: production-server_access.log.6.gz
2024-10-09 12:00:02 - INFO - Finished reading: production-server_access.log.4.gz
2024-10-09 12:00:02 - INFO - Finished reading: production-server_access.log
2024-10-09 12:00:02 - INFO - Finished reading: production-server_access.log.1
2024-10-09 12:00:02 - INFO - Finished reading: production-server_access.log.2.gz
2024-10-09 12:00:02 - INFO - Finished reading: production-server_access.log.3.gz
2024-10-09 12:00:02 - INFO - Finished reading: production-server_access.log.7.gz
2024-10-09 12:00:02 - INFO - JSON file updated successfully!
2024-10-09 12:00:02 - INFO - -------------------------------
2024-10-09 12:00:02 - WARNING - Uploads directory does not exist.
2024-10-09 13:00:03 - INFO - Starting evaluation script
2024-10-09 13:00:03 - INFO - Finished reading: production-server_access.log.5.gz
2024-10-09 13:00:03 - INFO - Finished reading: production-server_access.log.6.gz
2024-10-09 13:00:03 - INFO - Finished reading: production-server_access.log.4.gz
2024-10-09 13:00:03 - INFO - Finished reading: production-server_access.log
2024-10-09 13:00:03 - INFO - Finished reading: production-server_access.log.1
2024-10-09 13:00:03 - INFO - Finished reading: production-server_access.log.2.gz
2024-10-09 13:00:03 - INFO - Finished reading: production-server_access.log.3.gz
2024-10-09 13:00:03 - INFO - Finished reading: production-server_access.log.7.gz
2024-10-09 13:00:03 - INFO - JSON file updated successfully!
2024-10-09 13:00:03 - INFO - -------------------------------
2024-10-09 13:00:03 - WARNING - Uploads directory does not exist.
2024-10-09 14:00:02 - INFO - Starting evaluation script
2024-10-09 14:00:02 - INFO - Finished reading: production-server_access.log.5.gz
2024-10-09 14:00:02 - INFO - Finished reading: production-server_access.log.6.gz
2024-10-09 14:00:02 - INFO - Finished reading: production-server_access.log.4.gz
2024-10-09 14:00:02 - INFO - Finished reading: production-server_access.log
2024-10-09 14:00:02 - INFO - Finished reading: production-server_access.log.1
2024-10-09 14:00:02 - INFO - Finished reading: production-server_access.log.2.gz
2024-10-09 14:00:02 - INFO - Finished reading: production-server_access.log.3.gz
2024-10-09 14:00:02 - INFO - Finished reading: production-server_access.log.7.gz
2024-10-09 14:00:02 - INFO - JSON file updated successfully!
2024-10-09 14:00:02 - INFO - -------------------------------
2024-10-09 14:00:02 - WARNING - Uploads directory does not exist.
2024-10-09 15:00:02 - INFO - Starting evaluation script
2024-10-09 15:00:02 - INFO - Finished reading: production-server_access.log.5.gz
2024-10-09 15:00:02 - INFO - Finished reading: production-server_access.log.6.gz
2024-10-09 15:00:02 - INFO - Finished reading: production-server_access.log.4.gz
2024-10-09 15:00:02 - INFO - Finished reading: production-server_access.log
2024-10-09 15:00:02 - INFO - Finished reading: production-server_access.log.1
2024-10-09 15:00:02 - INFO - Finished reading: production-server_access.log.2.gz
2024-10-09 15:00:02 - INFO - Finished reading: production-server_access.log.3.gz
2024-10-09 15:00:02 - INFO - Finished reading: production-server_access.log.7.gz
2024-10-09 15:00:02 - INFO - JSON file updated successfully!
2024-10-09 15:00:02 - INFO - -------------------------------
2024-10-09 15:00:02 - WARNING - Uploads directory does not exist.
2024-10-09 16:00:02 - INFO - Starting evaluation script
2024-10-09 16:00:02 - INFO - Finished reading: production-server_access.log.5.gz
2024-10-09 16:00:02 - INFO - Finished reading: production-server_access.log.6.gz
2024-10-09 16:00:02 - INFO - Finished reading: production-server_access.log.4.gz
2024-10-09 16:00:02 - INFO - Finished reading: production-server_access.log
2024-10-09 16:00:02 - INFO - Finished reading: production-server_access.log.1
2024-10-09 16:00:02 - INFO - Finished reading: production-server_access.log.2.gz
2024-10-09 16:00:02 - INFO - Finished reading: production-server_access.log.3.gz
2024-10-09 16:00:02 - INFO - Finished reading: production-server_access.log.7.gz
2024-10-09 16:00:03 - INFO - JSON file updated successfully!
2024-10-09 16:00:03 - INFO - -------------------------------
2024-10-09 16:00:03 - WARNING - Uploads directory does not exist.
2024-10-09 17:00:02 - INFO - Starting evaluation script
2024-10-09 17:00:02 - INFO - Finished reading: production-server_access.log.5.gz
2024-10-09 17:00:02 - INFO - Finished reading: production-server_access.log.6.gz
2024-10-09 17:00:02 - INFO - Finished reading: production-server_access.log.4.gz
2024-10-09 17:00:02 - INFO - Finished reading: production-server_access.log
2024-10-09 17:00:02 - INFO - Finished reading: production-server_access.log.1
2024-10-09 17:00:02 - INFO - Finished reading: production-server_access.log.2.gz
2024-10-09 17:00:02 - INFO - Finished reading: production-server_access.log.3.gz
2024-10-09 17:00:02 - INFO - Finished reading: production-server_access.log.7.gz
2024-10-09 17:00:02 - INFO - JSON file updated successfully!
2024-10-09 17:00:02 - INFO - -------------------------------
2024-10-09 17:00:02 - WARNING - Uploads directory does not exist.
2024-10-09 18:00:03 - INFO - Starting evaluation script
2024-10-09 18:00:03 - INFO - Finished reading: production-server_access.log.5.gz
2024-10-09 18:00:03 - INFO - Finished reading: production-server_access.log.6.gz
2024-10-09 18:00:03 - INFO - Finished reading: production-server_access.log.4.gz
2024-10-09 18:00:03 - INFO - Finished reading: production-server_access.log
2024-10-09 18:00:03 - INFO - Finished reading: production-server_access.log.1
2024-10-09 18:00:03 - INFO - Finished reading: production-server_access.log.2.gz
2024-10-09 18:00:03 - INFO - Finished reading: production-server_access.log.3.gz
2024-10-09 18:00:03 - INFO - Finished reading: production-server_access.log.7.gz
2024-10-09 18:00:03 - INFO - JSON file updated successfully!
2024-10-09 18:00:03 - INFO - -------------------------------
2024-10-09 18:00:03 - WARNING - Uploads directory does not exist.
2024-10-09 19:00:02 - INFO - Starting evaluation script
2024-10-09 19:00:02 - INFO - Finished reading: production-server_access.log.5.gz
2024-10-09 19:00:02 - INFO - Finished reading: production-server_access.log.6.gz
2024-10-09 19:00:02 - INFO - Finished reading: production-server_access.log.4.gz
2024-10-09 19:00:02 - INFO - Finished reading: production-server_access.log
2024-10-09 19:00:02 - INFO - Finished reading: production-server_access.log.1
2024-10-09 19:00:02 - INFO - Finished reading: production-server_access.log.2.gz
2024-10-09 19:00:02 - INFO - Finished reading: production-server_access.log.3.gz
2024-10-09 19:00:02 - INFO - Finished reading: production-server_access.log.7.gz
2024-10-09 19:00:02 - INFO - JSON file updated successfully!
2024-10-09 19:00:02 - INFO - -------------------------------
2024-10-09 19:00:02 - WARNING - Uploads directory does not exist.
2024-10-09 20:00:02 - INFO - Starting evaluation script
2024-10-09 20:00:02 - INFO - Finished reading: production-server_access.log.5.gz
2024-10-09 20:00:02 - INFO - Finished reading: production-server_access.log.6.gz
2024-10-09 20:00:02 - INFO - Finished reading: production-server_access.log.4.gz
2024-10-09 20:00:02 - INFO - Finished reading: production-server_access.log
2024-10-09 20:00:02 - INFO - Finished reading: production-server_access.log.1
2024-10-09 20:00:02 - INFO - Finished reading: production-server_access.log.2.gz
2024-10-09 20:00:02 - INFO - Finished reading: production-server_access.log.3.gz
2024-10-09 20:00:02 - INFO - Finished reading: production-server_access.log.7.gz
2024-10-09 20:00:02 - INFO - JSON file updated successfully!
2024-10-09 20:00:02 - INFO - -------------------------------
2024-10-09 20:00:02 - WARNING - Uploads directory does not exist.
2024-10-09 21:00:03 - INFO - Starting evaluation script
2024-10-09 21:00:03 - INFO - Finished reading: production-server_access.log.5.gz
2024-10-09 21:00:03 - INFO - Finished reading: production-server_access.log.6.gz
2024-10-09 21:00:03 - INFO - Finished reading: production-server_access.log.4.gz
2024-10-09 21:00:03 - INFO - Finished reading: production-server_access.log
2024-10-09 21:00:03 - INFO - Finished reading: production-server_access.log.1
2024-10-09 21:00:03 - INFO - Finished reading: production-server_access.log.2.gz
2024-10-09 21:00:03 - INFO - Finished reading: production-server_access.log.3.gz
2024-10-09 21:00:03 - INFO - Finished reading: production-server_access.log.7.gz
2024-10-09 21:00:03 - INFO - JSON file updated successfully!
2024-10-09 21:00:03 - INFO - -------------------------------
2024-10-09 21:00:03 - WARNING - Uploads directory does not exist.
2024-10-09 22:00:02 - INFO - Starting evaluation script
2024-10-09 22:00:02 - INFO - Finished reading: production-server_access.log.5.gz
2024-10-09 22:00:02 - INFO - Finished reading: production-server_access.log.6.gz
2024-10-09 22:00:02 - INFO - Finished reading: production-server_access.log.4.gz
2024-10-09 22:00:02 - INFO - Finished reading: production-server_access.log
2024-10-09 22:00:02 - INFO - Finished reading: production-server_access.log.1
2024-10-09 22:00:02 - INFO - Finished reading: production-server_access.log.2.gz
2024-10-09 22:00:02 - INFO - Finished reading: production-server_access.log.3.gz
2024-10-09 22:00:02 - INFO - Finished reading: production-server_access.log.7.gz
2024-10-09 22:00:02 - INFO - JSON file updated successfully!
2024-10-09 22:00:02 - INFO - -------------------------------
2024-10-09 22:00:02 - WARNING - Uploads directory does not exist.
2024-10-09 23:00:02 - INFO - Starting evaluation script
2024-10-09 23:00:02 - INFO - Finished reading: production-server_access.log.5.gz
2024-10-09 23:00:02 - INFO - Finished reading: production-server_access.log.6.gz
2024-10-09 23:00:02 - INFO - Finished reading: production-server_access.log.4.gz
2024-10-09 23:00:02 - INFO - Finished reading: production-server_access.log
2024-10-09 23:00:02 - INFO - Finished reading: production-server_access.log.1
2024-10-09 23:00:02 - INFO - Finished reading: production-server_access.log.2.gz
2024-10-09 23:00:02 - INFO - Finished reading: production-server_access.log.3.gz
2024-10-09 23:00:02 - INFO - Finished reading: production-server_access.log.7.gz
2024-10-09 23:00:02 - INFO - JSON file updated successfully!
2024-10-09 23:00:02 - INFO - -------------------------------
2024-10-09 23:00:02 - WARNING - Uploads directory does not exist.
2024-10-10 00:00:02 - INFO - Starting evaluation script
2024-10-10 00:00:02 - INFO - Finished reading: production-server_access.log.5.gz
2024-10-10 00:00:02 - INFO - Finished reading: production-server_access.log.6.gz
2024-10-10 00:00:02 - INFO - Finished reading: production-server_access.log.4.gz
2024-10-10 00:00:02 - INFO - Finished reading: production-server_access.log
2024-10-10 00:00:02 - INFO - Finished reading: production-server_access.log.1
2024-10-10 00:00:02 - INFO - Finished reading: production-server_access.log.2.gz
2024-10-10 00:00:02 - INFO - Finished reading: production-server_access.log.3.gz
2024-10-10 00:00:02 - INFO - Finished reading: production-server_access.log.8.gz
2024-10-10 00:00:02 - INFO - Finished reading: production-server_access.log.7.gz
2024-10-10 00:00:02 - INFO - JSON file updated successfully!
2024-10-10 00:00:02 - INFO - -------------------------------
2024-10-10 00:00:02 - WARNING - Uploads directory does not exist.
2024-10-10 01:00:02 - INFO - Starting evaluation script
2024-10-10 01:00:02 - INFO - Finished reading: production-server_access.log.5.gz
2024-10-10 01:00:02 - INFO - Finished reading: production-server_access.log.6.gz
2024-10-10 01:00:02 - INFO - Finished reading: production-server_access.log.4.gz
2024-10-10 01:00:02 - INFO - Finished reading: production-server_access.log
2024-10-10 01:00:02 - INFO - Finished reading: production-server_access.log.1
2024-10-10 01:00:02 - INFO - Finished reading: production-server_access.log.2.gz
2024-10-10 01:00:02 - INFO - Finished reading: production-server_access.log.3.gz
2024-10-10 01:00:02 - INFO - Finished reading: production-server_access.log.8.gz
2024-10-10 01:00:02 - INFO - Finished reading: production-server_access.log.7.gz
2024-10-10 01:00:02 - INFO - JSON file updated successfully!
2024-10-10 01:00:02 - INFO - -------------------------------
2024-10-10 01:00:02 - WARNING - Uploads directory does not exist.
2024-10-10 02:00:03 - INFO - Starting evaluation script
2024-10-10 02:00:03 - INFO - Finished reading: production-server_access.log.5.gz
2024-10-10 02:00:03 - INFO - Finished reading: production-server_access.log.6.gz
2024-10-10 02:00:03 - INFO - Finished reading: production-server_access.log.4.gz
2024-10-10 02:00:03 - INFO - Finished reading: production-server_access.log
2024-10-10 02:00:03 - INFO - Finished reading: production-server_access.log.1
2024-10-10 02:00:03 - INFO - Finished reading: production-server_access.log.2.gz
2024-10-10 02:00:03 - INFO - Finished reading: production-server_access.log.3.gz
2024-10-10 02:00:03 - INFO - Finished reading: production-server_access.log.8.gz
2024-10-10 02:00:03 - INFO - Finished reading: production-server_access.log.7.gz
2024-10-10 02:00:03 - INFO - JSON file updated successfully!
2024-10-10 02:00:03 - INFO - -------------------------------
2024-10-10 02:00:03 - WARNING - Uploads directory does not exist.
2024-10-10 03:00:02 - INFO - Starting evaluation script
2024-10-10 03:00:02 - INFO - Finished reading: production-server_access.log.5.gz
2024-10-10 03:00:02 - INFO - Finished reading: production-server_access.log.6.gz
2024-10-10 03:00:02 - INFO - Finished reading: production-server_access.log.4.gz
2024-10-10 03:00:02 - INFO - Finished reading: production-server_access.log
2024-10-10 03:00:02 - INFO - Finished reading: production-server_access.log.1
2024-10-10 03:00:02 - INFO - Finished reading: production-server_access.log.2.gz
2024-10-10 03:00:02 - INFO - Finished reading: production-server_access.log.3.gz
2024-10-10 03:00:02 - INFO - Finished reading: production-server_access.log.8.gz
2024-10-10 03:00:02 - INFO - Finished reading: production-server_access.log.7.gz
2024-10-10 03:00:02 - INFO - JSON file updated successfully!
2024-10-10 03:00:02 - INFO - -------------------------------
2024-10-10 03:00:02 - WARNING - Uploads directory does not exist.
2024-10-10 04:00:02 - INFO - Starting evaluation script
2024-10-10 04:00:02 - INFO - Finished reading: production-server_access.log.5.gz
2024-10-10 04:00:02 - INFO - Finished reading: production-server_access.log.6.gz
2024-10-10 04:00:02 - INFO - Finished reading: production-server_access.log.4.gz
2024-10-10 04:00:02 - INFO - Finished reading: production-server_access.log
2024-10-10 04:00:02 - INFO - Finished reading: production-server_access.log.1
2024-10-10 04:00:02 - INFO - Finished reading: production-server_access.log.2.gz
2024-10-10 04:00:02 - INFO - Finished reading: production-server_access.log.3.gz
2024-10-10 04:00:02 - INFO - Finished reading: production-server_access.log.8.gz
2024-10-10 04:00:02 - INFO - Finished reading: production-server_access.log.7.gz
2024-10-10 04:00:02 - INFO - JSON file updated successfully!
2024-10-10 04:00:02 - INFO - -------------------------------
2024-10-10 04:00:02 - WARNING - Uploads directory does not exist.
2024-10-10 05:00:03 - INFO - Starting evaluation script
2024-10-10 05:00:03 - INFO - Finished reading: production-server_access.log.5.gz
2024-10-10 05:00:03 - INFO - Finished reading: production-server_access.log.6.gz
2024-10-10 05:00:03 - INFO - Finished reading: production-server_access.log.4.gz
2024-10-10 05:00:03 - INFO - Finished reading: production-server_access.log
2024-10-10 05:00:03 - INFO - Finished reading: production-server_access.log.1
2024-10-10 05:00:03 - INFO - Finished reading: production-server_access.log.2.gz
2024-10-10 05:00:03 - INFO - Finished reading: production-server_access.log.3.gz
2024-10-10 05:00:03 - INFO - Finished reading: production-server_access.log.8.gz
2024-10-10 05:00:03 - INFO - Finished reading: production-server_access.log.7.gz
2024-10-10 05:00:03 - INFO - JSON file updated successfully!
2024-10-10 05:00:03 - INFO - -------------------------------
2024-10-10 05:00:03 - WARNING - Uploads directory does not exist.
2024-10-10 06:00:02 - INFO - Starting evaluation script
2024-10-10 06:00:02 - INFO - Finished reading: production-server_access.log.5.gz
2024-10-10 06:00:02 - INFO - Finished reading: production-server_access.log.6.gz
2024-10-10 06:00:02 - INFO - Finished reading: production-server_access.log.4.gz
2024-10-10 06:00:02 - INFO - Finished reading: production-server_access.log
2024-10-10 06:00:02 - INFO - Finished reading: production-server_access.log.1
2024-10-10 06:00:02 - INFO - Finished reading: production-server_access.log.2.gz
2024-10-10 06:00:02 - INFO - Finished reading: production-server_access.log.3.gz
2024-10-10 06:00:02 - INFO - Finished reading: production-server_access.log.8.gz
2024-10-10 06:00:02 - INFO - Finished reading: production-server_access.log.7.gz
2024-10-10 06:00:02 - INFO - JSON file updated successfully!
2024-10-10 06:00:02 - INFO - -------------------------------
2024-10-10 06:00:02 - WARNING - Uploads directory does not exist.
2024-10-10 07:00:02 - INFO - Starting evaluation script
2024-10-10 07:00:02 - INFO - Finished reading: production-server_access.log.5.gz
2024-10-10 07:00:02 - INFO - Finished reading: production-server_access.log.6.gz
2024-10-10 07:00:02 - INFO - Finished reading: production-server_access.log.4.gz
2024-10-10 07:00:02 - INFO - Finished reading: production-server_access.log
2024-10-10 07:00:02 - INFO - Finished reading: production-server_access.log.1
2024-10-10 07:00:02 - INFO - Finished reading: production-server_access.log.2.gz
2024-10-10 07:00:02 - INFO - Finished reading: production-server_access.log.3.gz
2024-10-10 07:00:02 - INFO - Finished reading: production-server_access.log.8.gz
2024-10-10 07:00:02 - INFO - Finished reading: production-server_access.log.7.gz
2024-10-10 07:00:02 - INFO - JSON file updated successfully!
2024-10-10 07:00:02 - INFO - -------------------------------
2024-10-10 07:00:02 - WARNING - Uploads directory does not exist.
2024-10-10 08:00:02 - INFO - Starting evaluation script
2024-10-10 08:00:02 - INFO - Finished reading: production-server_access.log.5.gz
2024-10-10 08:00:02 - INFO - Finished reading: production-server_access.log.6.gz
2024-10-10 08:00:02 - INFO - Finished reading: production-server_access.log.4.gz
2024-10-10 08:00:02 - INFO - Finished reading: production-server_access.log
2024-10-10 08:00:02 - INFO - Finished reading: production-server_access.log.1
2024-10-10 08:00:02 - INFO - Finished reading: production-server_access.log.2.gz
2024-10-10 08:00:02 - INFO - Finished reading: production-server_access.log.3.gz
2024-10-10 08:00:02 - INFO - Finished reading: production-server_access.log.8.gz
2024-10-10 08:00:02 - INFO - Finished reading: production-server_access.log.7.gz
2024-10-10 08:00:02 - INFO - JSON file updated successfully!
2024-10-10 08:00:02 - INFO - -------------------------------
2024-10-10 08:00:02 - WARNING - Uploads directory does not exist.
2024-10-10 09:00:03 - INFO - Starting evaluation script
2024-10-10 09:00:03 - INFO - Finished reading: production-server_access.log.5.gz
2024-10-10 09:00:03 - INFO - Finished reading: production-server_access.log.6.gz
2024-10-10 09:00:03 - INFO - Finished reading: production-server_access.log.4.gz
2024-10-10 09:00:03 - INFO - Finished reading: production-server_access.log
2024-10-10 09:00:03 - INFO - Finished reading: production-server_access.log.1
2024-10-10 09:00:03 - INFO - Finished reading: production-server_access.log.2.gz
2024-10-10 09:00:03 - INFO - Finished reading: production-server_access.log.3.gz
2024-10-10 09:00:03 - INFO - Finished reading: production-server_access.log.8.gz
2024-10-10 09:00:03 - INFO - Finished reading: production-server_access.log.7.gz
2024-10-10 09:00:03 - INFO - JSON file updated successfully!
2024-10-10 09:00:03 - INFO - -------------------------------
2024-10-10 09:00:03 - WARNING - Uploads directory does not exist.
2024-10-10 10:00:02 - INFO - Starting evaluation script
2024-10-10 10:00:02 - INFO - Finished reading: production-server_access.log.5.gz
2024-10-10 10:00:02 - INFO - Finished reading: production-server_access.log.6.gz
2024-10-10 10:00:02 - INFO - Finished reading: production-server_access.log.4.gz
2024-10-10 10:00:02 - INFO - Finished reading: production-server_access.log
2024-10-10 10:00:02 - INFO - Finished reading: production-server_access.log.1
2024-10-10 10:00:02 - INFO - Finished reading: production-server_access.log.2.gz
2024-10-10 10:00:02 - INFO - Finished reading: production-server_access.log.3.gz
2024-10-10 10:00:02 - INFO - Finished reading: production-server_access.log.8.gz
2024-10-10 10:00:02 - INFO - Finished reading: production-server_access.log.7.gz
2024-10-10 10:00:02 - INFO - JSON file updated successfully!
2024-10-10 10:00:02 - INFO - -------------------------------
2024-10-10 10:00:02 - WARNING - Uploads directory does not exist.
